d:\studing\5_semestr\system_programing\labs\lab_4\com\sp02_com\sp02_com\x64\debug\sp02_com.pch
d:\studing\5_semestr\system_programing\labs\lab_4\com\sp02_com\sp02_com\x64\debug\vc143.pdb
d:\studing\5_semestr\system_programing\labs\lab_4\com\sp02_com\sp02_com\x64\debug\vc143.idb
d:\studing\5_semestr\system_programing\labs\lab_4\com\sp02_com\sp02_com\x64\debug\pch.obj
d:\studing\5_semestr\system_programing\labs\lab_4\com\sp02_com\sp02_com\x64\debug\registry.obj
d:\studing\5_semestr\system_programing\labs\lab_4\com\sp02_com\sp02_com\x64\debug\install.obj
d:\studing\5_semestr\system_programing\labs\lab_4\com\sp02_com\sp02_com\x64\debug\implclassfactory.obj
d:\studing\5_semestr\system_programing\labs\lab_4\com\sp02_com\sp02_com\x64\debug\implclass.obj
d:\studing\5_semestr\system_programing\labs\lab_4\com\sp02_com\sp02_com\x64\debug\dllmain.obj
d:\studing\5_semestr\system_programing\labs\lab_4\com\sp02_com\sp02_com\x64\debug\com.obj
d:\studing\5_semestr\system_programing\labs\lab_4\com\sp02_com\sp02_com\x64\debug\sp02_com.ilk
d:\studing\5_semestr\system_programing\labs\lab_4\com\sp02_com\x64\debug\sp02_com.dll
d:\studing\5_semestr\system_programing\labs\lab_4\com\sp02_com\x64\debug\sp02_com.pdb
d:\studing\5_semestr\system_programing\labs\lab_4\com\sp02_com\x64\debug\sp02_com.lib
d:\studing\5_semestr\system_programing\labs\lab_4\com\sp02_com\x64\debug\sp02_com.exp
d:\studing\5_semestr\system_programing\labs\lab_4\com\sp02_com\sp02_com\x64\debug\sp02_com.tlog\cl.command.1.tlog
d:\studing\5_semestr\system_programing\labs\lab_4\com\sp02_com\sp02_com\x64\debug\sp02_com.tlog\cl.items.tlog
d:\studing\5_semestr\system_programing\labs\lab_4\com\sp02_com\sp02_com\x64\debug\sp02_com.tlog\cl.read.1.tlog
d:\studing\5_semestr\system_programing\labs\lab_4\com\sp02_com\sp02_com\x64\debug\sp02_com.tlog\cl.write.1.tlog
d:\studing\5_semestr\system_programing\labs\lab_4\com\sp02_com\sp02_com\x64\debug\sp02_com.tlog\link.command.1.tlog
d:\studing\5_semestr\system_programing\labs\lab_4\com\sp02_com\sp02_com\x64\debug\sp02_com.tlog\link.read.1.tlog
d:\studing\5_semestr\system_programing\labs\lab_4\com\sp02_com\sp02_com\x64\debug\sp02_com.tlog\link.write.1.tlog
d:\studing\5_semestr\system_programing\labs\lab_4\com\sp02_com\sp02_com\x64\debug\sp02_com.tlog\link.write.2u.tlog
