d:\studing\5_semestr\system_programing\labs\lab_3\lab_3\os11_htapi\x64\debug\os11_htapi.pch
d:\studing\5_semestr\system_programing\labs\lab_3\lab_3\os11_htapi\x64\debug\vc143.pdb
d:\studing\5_semestr\system_programing\labs\lab_3\lab_3\os11_htapi\x64\debug\vc143.idb
d:\studing\5_semestr\system_programing\labs\lab_3\lab_3\os11_htapi\x64\debug\pch.obj
d:\studing\5_semestr\system_programing\labs\lab_3\lab_3\os11_htapi\x64\debug\ht.obj
d:\studing\5_semestr\system_programing\labs\lab_3\lab_3\os11_htapi\x64\debug\element.obj
d:\studing\5_semestr\system_programing\labs\lab_3\lab_3\os11_htapi\x64\debug\dllmain.obj
d:\studing\5_semestr\system_programing\labs\lab_3\lab_3\os11_htapi\x64\debug\os11_htapi.ilk
d:\studing\5_semestr\system_programing\labs\lab_3\lab_3\x64\debug\os11_htapi.dll
d:\studing\5_semestr\system_programing\labs\lab_3\lab_3\x64\debug\os11_htapi.pdb
d:\studing\5_semestr\system_programing\labs\lab_3\lab_3\x64\debug\os11_htapi.lib
d:\studing\5_semestr\system_programing\labs\lab_3\lab_3\x64\debug\os11_htapi.exp
d:\studing\5_semestr\system_programing\labs\lab_3\lab_3\os11_htapi\x64\debug\os11_htapi.tlog\cl.command.1.tlog
d:\studing\5_semestr\system_programing\labs\lab_3\lab_3\os11_htapi\x64\debug\os11_htapi.tlog\cl.items.tlog
d:\studing\5_semestr\system_programing\labs\lab_3\lab_3\os11_htapi\x64\debug\os11_htapi.tlog\cl.read.1.tlog
d:\studing\5_semestr\system_programing\labs\lab_3\lab_3\os11_htapi\x64\debug\os11_htapi.tlog\cl.write.1.tlog
d:\studing\5_semestr\system_programing\labs\lab_3\lab_3\os11_htapi\x64\debug\os11_htapi.tlog\link.command.1.tlog
d:\studing\5_semestr\system_programing\labs\lab_3\lab_3\os11_htapi\x64\debug\os11_htapi.tlog\link.read.1.tlog
d:\studing\5_semestr\system_programing\labs\lab_3\lab_3\os11_htapi\x64\debug\os11_htapi.tlog\link.write.1.tlog
d:\studing\5_semestr\system_programing\labs\lab_3\lab_3\os11_htapi\x64\debug\os11_htapi.tlog\link.write.2u.tlog
